SF:lib\core\utils\encryption_helper.dart
DA:5,6
DA:6,6
DA:9,2
DA:10,6
DA:11,4
DA:12,2
DA:16,2
DA:17,6
DA:18,4
LF:9
LH:9
end_of_record
SF:lib\data\services\license_service.dart
DA:11,1
DA:12,1
DA:13,1
DA:18,1
DA:19,1
DA:23,1
DA:24,1
DA:25,1
DA:26,1
DA:27,1
LF:10
LH:10
end_of_record
SF:lib\presentation\pages\auth\license_activation_page.dart
DA:5,0
DA:7,1
DA:8,1
DA:15,0
DA:16,0
DA:17,0
DA:21,0
DA:24,0
DA:27,0
DA:28,0
DA:30,0
DA:36,1
DA:38,1
DA:39,1
DA:40,1
DA:42,1
DA:44,1
DA:50,1
DA:51,1
DA:52,1
DA:54,1
DA:59,1
DA:60,1
LF:23
LH:14
end_of_record
SF:lib\domain\entities\family_member.dart
DA:35,3
DA:62,2
DA:63,2
DA:64,2
DA:65,2
DA:66,2
DA:67,4
DA:68,2
DA:69,2
DA:70,2
DA:71,2
DA:72,2
DA:73,2
DA:74,2
DA:75,2
DA:76,2
DA:77,2
DA:78,2
DA:79,2
DA:80,2
DA:81,2
DA:83,2
DA:84,2
DA:85,2
DA:86,2
DA:88,2
DA:93,2
DA:94,2
DA:95,2
DA:96,2
DA:97,2
DA:98,4
DA:99,2
DA:100,2
DA:101,2
DA:102,2
DA:103,2
DA:104,4
DA:105,4
DA:106,4
DA:107,4
DA:108,4
DA:109,4
DA:110,4
DA:111,4
DA:112,4
DA:114,2
DA:115,2
DA:116,2
DA:117,2
DA:119,2
DA:124,2
DA:125,2
DA:126,2
DA:127,2
LF:55
LH:55
end_of_record
SF:lib\data\datasources\local\database_helper.dart
DA:9,3
DA:13,2
DA:14,1
DA:15,0
DA:18,0
DA:20,1
DA:22,1
DA:24,1
DA:28,1
DA:30,0
DA:33,1
DA:34,0
DA:35,1
DA:38,2
DA:41,1
DA:44,1
DA:45,1
DA:73,1
DA:75,2
DA:82,1
DA:84,0
DA:89,0
DA:92,0
DA:93,0
DA:97,0
DA:99,0
DA:100,0
DA:103,0
DA:104,0
DA:106,0
DA:107,0
DA:111,0
DA:114,0
DA:115,0
DA:118,0
DA:120,0
DA:122,0
DA:123,0
DA:127,0
DA:128,0
DA:132,0
DA:135,0
DA:136,0
DA:137,0
DA:142,1
DA:143,1
DA:144,1
DA:146,1
DA:150,3
DA:155,1
DA:156,1
DA:162,1
DA:165,1
DA:166,3
DA:169,3
DA:170,2
DA:175,1
DA:177,1
DA:178,1
DA:181,1
DA:184,3
DA:185,2
DA:189,0
DA:190,0
DA:191,0
DA:194,0
DA:198,1
DA:199,1
DA:200,1
DA:203,1
DA:207,0
DA:209,0
DA:210,0
DA:214,0
DA:219,1
DA:220,1
DA:223,1
DA:224,1
DA:225,1
DA:226,2
DA:227,1
DA:228,1
DA:229,1
DA:230,1
DA:231,1
DA:232,1
DA:233,1
DA:234,1
DA:235,1
DA:236,2
DA:237,1
DA:238,1
DA:239,1
DA:240,1
DA:241,1
DA:242,1
DA:243,1
DA:244,1
DA:245,1
DA:250,1
DA:254,2
DA:259,0
DA:260,0
DA:263,0
DA:265,0
DA:269,0
DA:273,0
DA:278,0
DA:279,0
DA:282,0
DA:284,0
DA:288,0
DA:292,0
DA:297,0
DA:300,0
DA:301,0
DA:304,0
DA:307,0
DA:309,0
DA:311,0
DA:314,0
DA:317,0
DA:319,0
DA:324,1
DA:325,1
DA:329,2
DA:333,1
DA:334,1
DA:335,1
DA:338,1
DA:343,0
DA:344,0
DA:347,0
DA:350,0
DA:355,0
DA:356,0
DA:359,0
DA:362,0
DA:367,0
DA:368,0
DA:371,0
DA:374,0
DA:379,0
DA:380,0
DA:384,0
DA:387,0
DA:392,0
DA:393,0
DA:396,0
DA:399,0
DA:403,0
DA:404,0
DA:407,0
DA:410,0
DA:415,0
DA:416,0
DA:419,0
DA:422,0
DA:426,0
DA:431,0
DA:435,0
DA:439,0
DA:443,0
DA:449,0
DA:450,0
DA:454,0
DA:455,0
DA:458,0
DA:468,0
DA:471,0
DA:472,0
DA:475,0
DA:476,0
DA:479,0
DA:490,0
DA:493,0
DA:494,0
DA:497,0
DA:498,0
DA:501,0
DA:516,0
DA:517,0
DA:520,0
DA:521,0
DA:524,1
DA:525,1
DA:528,1
DA:532,4
DA:535,1
DA:536,1
DA:537,1
DA:538,1
DA:539,1
DA:540,1
DA:541,1
DA:545,2
DA:546,4
DA:547,2
DA:548,4
DA:549,0
DA:550,4
DA:551,0
DA:552,4
DA:553,0
DA:554,4
DA:555,0
DA:556,2
DA:557,2
DA:564,0
DA:566,0
DA:569,0
DA:573,0
DA:576,0
DA:577,0
DA:578,0
DA:582,0
DA:583,0
DA:584,0
DA:586,0
DA:594,0
DA:595,0
DA:598,0
DA:601,0
DA:605,0
DA:606,0
DA:611,0
DA:612,0
DA:614,0
DA:617,0
DA:620,0
DA:621,0
DA:626,0
DA:627,0
DA:629,0
DA:632,0
DA:635,0
DA:636,0
DA:641,0
DA:642,0
DA:644,0
DA:647,0
DA:650,0
DA:651,0
DA:656,0
DA:657,0
DA:659,0
DA:662,0
DA:665,0
DA:666,0
DA:671,0
DA:672,0
DA:674,0
DA:677,0
DA:680,0
DA:681,0
DA:686,0
DA:687,0
DA:689,0
DA:692,0
DA:695,0
DA:696,0
DA:701,0
DA:702,0
DA:704,0
DA:707,0
DA:710,0
DA:711,0
DA:716,1
DA:717,1
DA:718,1
DA:721,1
DA:723,1
DA:727,1
DA:728,1
DA:729,1
DA:732,1
DA:734,1
LF:277
LH:102
end_of_record
SF:lib\presentation\pages\family\family_member_form_page.dart
DA:6,1
DA:8,1
DA:9,1
DA:28,2
DA:30,1
DA:32,1
DA:33,1
DA:34,2
DA:35,3
DA:36,1
DA:40,1
DA:41,2
DA:42,2
DA:44,2
DA:47,1
DA:63,1
DA:65,1
DA:66,1
DA:68,1
DA:69,1
DA:70,0
DA:72,0
DA:73,0
DA:76,0
DA:77,0
DA:80,0
DA:81,0
DA:84,0
DA:85,0
DA:88,0
DA:89,0
DA:92,0
DA:93,0
DA:96,0
DA:97,0
DA:100,0
DA:101,0
DA:104,0
DA:105,0
DA:108,0
DA:109,0
DA:112,0
DA:113,0
DA:117,0
DA:119,0
DA:120,0
DA:121,0
DA:122,0
DA:123,0
DA:124,0
DA:125,0
DA:126,0
DA:127,0
DA:128,0
DA:129,0
DA:130,0
DA:131,0
DA:133,0
DA:135,0
DA:140,1
DA:142,1
DA:143,1
DA:144,1
DA:145,1
DA:146,1
DA:149,0
DA:150,0
DA:155,0
DA:156,0
DA:160,1
DA:164,2
DA:165,0
DA:166,0
DA:169,0
DA:174,0
DA:175,0
DA:176,0
DA:177,0
DA:178,0
DA:183,3
DA:184,1
DA:185,1
DA:186,1
DA:187,1
DA:188,1
DA:189,1
DA:193,0
DA:194,0
DA:195,0
DA:198,0
DA:199,0
DA:202,0
DA:203,0
DA:205,0
DA:216,0
DA:218,0
DA:219,0
DA:223,0
DA:224,0
DA:232,0
DA:242,0
DA:244,0
DA:245,0
DA:247,0
DA:255,0
DA:256,0
DA:257,0
DA:258,0
DA:259,0
DA:262,0
DA:263,0
DA:266,1
DA:268,1
DA:269,1
DA:270,1
DA:271,1
DA:283,1
DA:284,1
DA:286,1
DA:287,1
DA:288,1
DA:290,0
DA:294,1
DA:295,1
DA:296,1
DA:298,0
DA:299,0
DA:302,1
DA:303,0
DA:304,0
DA:305,0
DA:307,0
DA:308,0
DA:309,0
DA:312,0
DA:313,0
DA:314,0
DA:315,0
DA:319,1
DA:320,1
DA:323,2
DA:324,5
DA:328,1
DA:329,1
DA:330,0
DA:331,0
DA:337,1
DA:339,0
DA:340,0
DA:344,0
DA:346,0
DA:349,1
DA:351,4
DA:352,0
DA:354,1
DA:355,2
DA:356,1
DA:358,1
DA:360,1
DA:361,0
DA:362,0
DA:364,0
DA:365,0
DA:366,0
DA:369,1
DA:371,4
DA:372,0
DA:374,1
DA:375,2
DA:376,1
DA:378,1
DA:380,1
DA:381,0
DA:382,0
DA:384,0
DA:385,0
DA:386,0
DA:390,1
DA:392,4
DA:393,1
DA:397,3
DA:398,4
DA:399,0
DA:401,1
DA:412,2
DA:413,1
DA:415,1
DA:417,1
DA:418,0
DA:419,0
DA:421,0
DA:424,0
DA:425,0
DA:428,4
DA:429,1
DA:431,3
DA:432,4
DA:433,0
DA:435,1
DA:444,2
DA:445,1
DA:447,1
DA:449,1
DA:450,0
DA:451,0
DA:453,0
DA:454,0
DA:455,0
DA:458,1
DA:459,0
DA:460,1
DA:461,1
DA:467,1
DA:468,1
DA:470,1
DA:480,0
DA:481,0
DA:482,0
DA:483,0
DA:486,0
DA:487,0
DA:489,0
DA:494,0
DA:495,0
DA:498,0
DA:499,0
DA:504,0
DA:505,0
DA:507,0
DA:512,0
DA:514,0
DA:532,0
DA:533,0
DA:534,0
DA:538,0
DA:544,0
DA:545,0
DA:546,0
DA:549,0
DA:556,1
DA:557,1
DA:558,1
DA:559,1
DA:561,3
DA:562,0
DA:563,0
DA:564,0
DA:568,1
DA:570,3
DA:571,0
DA:572,0
DA:573,0
DA:577,1
DA:579,3
DA:580,0
DA:581,0
DA:582,0
DA:586,1
DA:588,3
DA:589,0
DA:590,0
DA:591,0
DA:595,1
DA:597,3
DA:598,0
DA:599,0
DA:600,0
DA:604,1
DA:606,3
DA:607,0
DA:608,0
DA:609,0
DA:613,1
DA:615,3
DA:616,0
DA:617,0
DA:618,0
DA:622,1
DA:624,3
DA:625,0
DA:626,0
DA:627,0
DA:631,1
DA:633,3
DA:634,0
DA:635,0
DA:636,0
LF:287
LH:116
end_of_record
